2024-03-27 09:47:45.557 [main] INFO  com.example.demo.UserApplication - Starting UserApplication using Java 21.0.1 with PID 325375 (/home/martin/Desktop/_____/demo/target/classes started by martin in /home/martin/Desktop/_____/demo)
2024-03-27 09:47:45.566 [main] INFO  com.example.demo.UserApplication - No active profile set, falling back to 1 default profile: "default"
2024-03-27 09:47:47.885 [main] INFO  o.s.d.r.c.RepositoryConfigurationDelegate - Bootstrapping Spring Data JPA repositories in DEFAULT mode.
2024-03-27 09:47:48.043 [main] INFO  o.s.d.r.c.RepositoryConfigurationDelegate - Finished Spring Data repository scanning in 135 ms. Found 1 JPA repository interface.
2024-03-27 09:47:49.455 [main] INFO  o.s.b.w.e.tomcat.TomcatWebServer - Tomcat initialized with port 9092 (http)
2024-03-27 09:47:49.481 [main] INFO  o.a.coyote.http11.Http11NioProtocol - Initializing ProtocolHandler ["http-nio-9092"]
2024-03-27 09:47:49.487 [main] INFO  o.a.catalina.core.StandardService - Starting service [Tomcat]
2024-03-27 09:47:49.487 [main] INFO  o.a.catalina.core.StandardEngine - Starting Servlet engine: [Apache Tomcat/10.1.19]
2024-03-27 09:47:49.617 [main] INFO  o.a.c.c.C.[Tomcat].[localhost].[/] - Initializing Spring embedded WebApplicationContext
2024-03-27 09:47:49.620 [main] INFO  o.s.b.w.s.c.ServletWebServerApplicationContext - Root WebApplicationContext: initialization completed in 3841 ms
2024-03-27 09:47:49.896 [main] INFO  com.zaxxer.hikari.HikariDataSource - HikariPool-1 - Starting...
2024-03-27 09:47:50.846 [main] INFO  com.zaxxer.hikari.pool.HikariPool - HikariPool-1 - Added connection org.postgresql.jdbc.PgConnection@5927f904
2024-03-27 09:47:50.848 [main] INFO  com.zaxxer.hikari.HikariDataSource - HikariPool-1 - Start completed.
2024-03-27 09:47:51.124 [main] INFO  o.h.jpa.internal.util.LogHelper - HHH000204: Processing PersistenceUnitInfo [name: default]
2024-03-27 09:47:51.287 [main] INFO  org.hibernate.Version - HHH000412: Hibernate ORM core version 6.4.4.Final
2024-03-27 09:47:51.371 [main] INFO  o.h.c.i.RegionFactoryInitiator - HHH000026: Second-level cache disabled
2024-03-27 09:47:52.005 [main] INFO  o.s.o.j.p.SpringPersistenceUnitInfo - No LoadTimeWeaver setup: ignoring JPA class transformer
2024-03-27 09:47:54.010 [main] INFO  o.h.e.t.j.p.i.JtaPlatformInitiator - HHH000489: No JTA platform available (set 'hibernate.transaction.jta.platform' to enable JTA platform integration)
2024-03-27 09:47:54.016 [main] INFO  o.s.o.j.LocalContainerEntityManagerFactoryBean - Initialized JPA EntityManagerFactory for persistence unit 'default'
2024-03-27 09:47:54.894 [main] WARN  o.s.b.a.o.j.JpaBaseConfiguration$JpaWebConfiguration - spring.jpa.open-in-view is enabled by default. Therefore, database queries may be performed during view rendering. Explicitly configure spring.jpa.open-in-view to disable this warning
2024-03-27 09:47:56.044 [main] INFO  o.a.coyote.http11.Http11NioProtocol - Starting ProtocolHandler ["http-nio-9092"]
2024-03-27 09:47:56.095 [main] INFO  o.s.b.w.e.tomcat.TomcatWebServer - Tomcat started on port 9092 (http) with context path ''
2024-03-27 09:47:56.123 [main] INFO  com.example.demo.UserApplication - Started UserApplication in 12.026 seconds (process running for 14.018)
2024-03-27 09:48:08.855 [http-nio-9092-exec-1] INFO  o.a.c.c.C.[Tomcat].[localhost].[/] - Initializing Spring DispatcherServlet 'dispatcherServlet'
2024-03-27 09:48:08.858 [http-nio-9092-exec-1] INFO  o.s.web.servlet.DispatcherServlet - Initializing Servlet 'dispatcherServlet'
2024-03-27 09:48:08.865 [http-nio-9092-exec-1] INFO  o.s.web.servlet.DispatcherServlet - Completed initialization in 7 ms
2024-03-27 09:53:10.335 [SpringApplicationShutdownHook] INFO  o.s.o.j.LocalContainerEntityManagerFactoryBean - Closing JPA EntityManagerFactory for persistence unit 'default'
2024-03-27 09:53:10.343 [SpringApplicationShutdownHook] INFO  com.zaxxer.hikari.HikariDataSource - HikariPool-1 - Shutdown initiated...
2024-03-27 09:53:10.397 [SpringApplicationShutdownHook] INFO  com.zaxxer.hikari.HikariDataSource - HikariPool-1 - Shutdown completed.
2024-03-27 09:53:23.498 [main] INFO  com.example.demo.UserApplication - Starting UserApplication using Java 21.0.1 with PID 325943 (/home/martin/Desktop/_____/demo/target/classes started by martin in /home/martin/Desktop/_____/demo)
2024-03-27 09:53:23.505 [main] INFO  com.example.demo.UserApplication - No active profile set, falling back to 1 default profile: "default"
2024-03-27 09:53:26.210 [main] INFO  o.s.d.r.c.RepositoryConfigurationDelegate - Bootstrapping Spring Data JPA repositories in DEFAULT mode.
2024-03-27 09:53:26.379 [main] INFO  o.s.d.r.c.RepositoryConfigurationDelegate - Finished Spring Data repository scanning in 141 ms. Found 1 JPA repository interface.
2024-03-27 09:53:27.835 [main] INFO  o.s.b.w.e.tomcat.TomcatWebServer - Tomcat initialized with port 9092 (http)
2024-03-27 09:53:27.861 [main] INFO  o.a.coyote.http11.Http11NioProtocol - Initializing ProtocolHandler ["http-nio-9092"]
2024-03-27 09:53:27.867 [main] INFO  o.a.catalina.core.StandardService - Starting service [Tomcat]
2024-03-27 09:53:27.868 [main] INFO  o.a.catalina.core.StandardEngine - Starting Servlet engine: [Apache Tomcat/10.1.19]
2024-03-27 09:53:28.019 [main] INFO  o.a.c.c.C.[Tomcat].[localhost].[/] - Initializing Spring embedded WebApplicationContext
2024-03-27 09:53:28.021 [main] INFO  o.s.b.w.s.c.ServletWebServerApplicationContext - Root WebApplicationContext: initialization completed in 4274 ms
2024-03-27 09:53:28.305 [main] INFO  com.zaxxer.hikari.HikariDataSource - HikariPool-1 - Starting...
2024-03-27 09:53:29.208 [main] INFO  com.zaxxer.hikari.pool.HikariPool - HikariPool-1 - Added connection org.postgresql.jdbc.PgConnection@30bbcf91
2024-03-27 09:53:29.211 [main] INFO  com.zaxxer.hikari.HikariDataSource - HikariPool-1 - Start completed.
2024-03-27 09:53:29.486 [main] INFO  o.h.jpa.internal.util.LogHelper - HHH000204: Processing PersistenceUnitInfo [name: default]
2024-03-27 09:53:29.661 [main] INFO  org.hibernate.Version - HHH000412: Hibernate ORM core version 6.4.4.Final
2024-03-27 09:53:29.764 [main] INFO  o.h.c.i.RegionFactoryInitiator - HHH000026: Second-level cache disabled
2024-03-27 09:53:30.493 [main] INFO  o.s.o.j.p.SpringPersistenceUnitInfo - No LoadTimeWeaver setup: ignoring JPA class transformer
2024-03-27 09:53:32.476 [main] INFO  o.h.e.t.j.p.i.JtaPlatformInitiator - HHH000489: No JTA platform available (set 'hibernate.transaction.jta.platform' to enable JTA platform integration)
2024-03-27 09:53:32.532 [main] INFO  o.s.o.j.LocalContainerEntityManagerFactoryBean - Initialized JPA EntityManagerFactory for persistence unit 'default'
2024-03-27 09:53:33.645 [main] WARN  o.s.b.a.o.j.JpaBaseConfiguration$JpaWebConfiguration - spring.jpa.open-in-view is enabled by default. Therefore, database queries may be performed during view rendering. Explicitly configure spring.jpa.open-in-view to disable this warning
2024-03-27 09:53:34.419 [main] INFO  o.a.coyote.http11.Http11NioProtocol - Starting ProtocolHandler ["http-nio-9092"]
2024-03-27 09:53:34.449 [main] INFO  o.s.b.w.e.tomcat.TomcatWebServer - Tomcat started on port 9092 (http) with context path ''
2024-03-27 09:53:34.479 [main] INFO  com.example.demo.UserApplication - Started UserApplication in 12.842 seconds (process running for 14.953)
2024-03-27 09:54:13.398 [http-nio-9092-exec-1] INFO  o.a.c.c.C.[Tomcat].[localhost].[/] - Initializing Spring DispatcherServlet 'dispatcherServlet'
2024-03-27 09:54:13.399 [http-nio-9092-exec-1] INFO  o.s.web.servlet.DispatcherServlet - Initializing Servlet 'dispatcherServlet'
2024-03-27 09:54:13.410 [http-nio-9092-exec-1] INFO  o.s.web.servlet.DispatcherServlet - Completed initialization in 9 ms
2024-03-27 09:56:21.009 [http-nio-9092-exec-4] INFO  c.e.d.c.users.UserController - Logs filtered successfully for level: INFO
2024-03-27 10:12:25.442 [SpringApplicationShutdownHook] INFO  o.s.o.j.LocalContainerEntityManagerFactoryBean - Closing JPA EntityManagerFactory for persistence unit 'default'
2024-03-27 10:12:25.449 [SpringApplicationShutdownHook] INFO  com.zaxxer.hikari.HikariDataSource - HikariPool-1 - Shutdown initiated...
2024-03-27 10:12:25.500 [SpringApplicationShutdownHook] INFO  com.zaxxer.hikari.HikariDataSource - HikariPool-1 - Shutdown completed.
2024-03-27 10:12:41.281 [main] INFO  com.example.demo.UserApplication - Starting UserApplication using Java 21.0.1 with PID 327772 (/home/martin/Desktop/_____/demo/target/classes started by martin in /home/martin/Desktop/_____/demo)
2024-03-27 10:12:41.289 [main] INFO  com.example.demo.UserApplication - No active profile set, falling back to 1 default profile: "default"
2024-03-27 10:12:45.386 [main] INFO  o.s.d.r.c.RepositoryConfigurationDelegate - Bootstrapping Spring Data JPA repositories in DEFAULT mode.
2024-03-27 10:12:45.767 [main] INFO  o.s.d.r.c.RepositoryConfigurationDelegate - Finished Spring Data repository scanning in 336 ms. Found 1 JPA repository interface.
2024-03-27 10:12:49.608 [main] INFO  o.s.b.w.e.tomcat.TomcatWebServer - Tomcat initialized with port 9092 (http)
2024-03-27 10:12:49.651 [main] INFO  o.a.coyote.http11.Http11NioProtocol - Initializing ProtocolHandler ["http-nio-9092"]
2024-03-27 10:12:49.661 [main] INFO  o.a.catalina.core.StandardService - Starting service [Tomcat]
2024-03-27 10:12:49.661 [main] INFO  o.a.catalina.core.StandardEngine - Starting Servlet engine: [Apache Tomcat/10.1.19]
2024-03-27 10:12:49.821 [main] INFO  o.a.c.c.C.[Tomcat].[localhost].[/] - Initializing Spring embedded WebApplicationContext
2024-03-27 10:12:49.825 [main] INFO  o.s.b.w.s.c.ServletWebServerApplicationContext - Root WebApplicationContext: initialization completed in 8367 ms
2024-03-27 10:12:50.176 [main] INFO  com.zaxxer.hikari.HikariDataSource - HikariPool-1 - Starting...
2024-03-27 10:12:51.464 [main] INFO  com.zaxxer.hikari.pool.HikariPool - HikariPool-1 - Added connection org.postgresql.jdbc.PgConnection@166c2c17
2024-03-27 10:12:51.468 [main] INFO  com.zaxxer.hikari.HikariDataSource - HikariPool-1 - Start completed.
2024-03-27 10:12:51.728 [main] INFO  o.h.jpa.internal.util.LogHelper - HHH000204: Processing PersistenceUnitInfo [name: default]
2024-03-27 10:12:51.858 [main] INFO  org.hibernate.Version - HHH000412: Hibernate ORM core version 6.4.4.Final
2024-03-27 10:12:51.955 [main] INFO  o.h.c.i.RegionFactoryInitiator - HHH000026: Second-level cache disabled
2024-03-27 10:12:52.712 [main] INFO  o.s.o.j.p.SpringPersistenceUnitInfo - No LoadTimeWeaver setup: ignoring JPA class transformer
2024-03-27 10:12:54.847 [main] INFO  o.h.e.t.j.p.i.JtaPlatformInitiator - HHH000489: No JTA platform available (set 'hibernate.transaction.jta.platform' to enable JTA platform integration)
2024-03-27 10:12:54.856 [main] INFO  o.s.o.j.LocalContainerEntityManagerFactoryBean - Initialized JPA EntityManagerFactory for persistence unit 'default'
2024-03-27 10:12:56.536 [main] WARN  o.s.b.a.o.j.JpaBaseConfiguration$JpaWebConfiguration - spring.jpa.open-in-view is enabled by default. Therefore, database queries may be performed during view rendering. Explicitly configure spring.jpa.open-in-view to disable this warning
2024-03-27 10:12:58.807 [main] INFO  o.a.coyote.http11.Http11NioProtocol - Starting ProtocolHandler ["http-nio-9092"]
2024-03-27 10:12:58.846 [main] INFO  o.s.b.w.e.tomcat.TomcatWebServer - Tomcat started on port 9092 (http) with context path ''
2024-03-27 10:12:58.900 [main] INFO  com.example.demo.UserApplication - Started UserApplication in 19.966 seconds (process running for 22.41)
2024-03-27 10:13:27.221 [http-nio-9092-exec-2] INFO  o.a.c.c.C.[Tomcat].[localhost].[/] - Initializing Spring DispatcherServlet 'dispatcherServlet'
2024-03-27 10:13:27.222 [http-nio-9092-exec-2] INFO  o.s.web.servlet.DispatcherServlet - Initializing Servlet 'dispatcherServlet'
2024-03-27 10:13:27.231 [http-nio-9092-exec-2] INFO  o.s.web.servlet.DispatcherServlet - Completed initialization in 7 ms
2024-03-27 10:13:28.258 [http-nio-9092-exec-2] WARN  o.h.e.jdbc.spi.SqlExceptionHelper - SQL Error: 0, SQLState: 42P01
2024-03-27 10:13:28.259 [http-nio-9092-exec-2] ERROR o.h.e.jdbc.spi.SqlExceptionHelper - ERROR: relation "user_entity" does not exist
  Position: 74
2024-03-27 10:13:28.287 [http-nio-9092-exec-2] ERROR c.e.d.c.users.UserController - Exception occurred during user login: JDBC exception executing SQL [select ue1_0.id,ue1_0.code,ue1_0.password,ue1_0.role,ue1_0.username from user_entity ue1_0 where ue1_0.code=?] [ERROR: relation "user_entity" does not exist
  Position: 74] [n/a]; SQL [n/a]
