2024-03-27 07:36:54.851 [main] INFO  com.example.demo.UserApplication - Starting UserApplication using Java 21.0.1 with PID 312436 (/home/martin/Desktop/_____/demo/target/classes started by martin in /home/martin/Desktop/_____/demo)
2024-03-27 07:36:54.865 [main] INFO  com.example.demo.UserApplication - No active profile set, falling back to 1 default profile: "default"
2024-03-27 07:37:05.856 [main] INFO  com.example.demo.UserApplication - Started UserApplication in 12.483 seconds (process running for 14.87)
2024-03-27 07:37:05.864 [scheduling-1] INFO  com.example.demo.UserApplication - Fetching data from database...
2024-03-27 07:37:05.865 [scheduling-1] INFO  com.example.demo.UserApplication - Data fetched successfully.
2024-03-27 07:37:07.866 [scheduling-1] INFO  com.example.demo.UserApplication - Fetching data from database...
2024-03-27 07:37:07.866 [scheduling-1] INFO  com.example.demo.UserApplication - Data fetched successfully.
2024-03-27 07:37:09.867 [scheduling-1] INFO  com.example.demo.UserApplication - Fetching data from database...
2024-03-27 07:37:09.867 [scheduling-1] INFO  com.example.demo.UserApplication - Data fetched successfully.
2024-03-27 07:37:11.867 [scheduling-1] INFO  com.example.demo.UserApplication - Fetching data from database...
2024-03-27 07:37:11.868 [scheduling-1] INFO  com.example.demo.UserApplication - Data fetched successfully.
2024-03-27 07:37:13.868 [scheduling-1] INFO  com.example.demo.UserApplication - Fetching data from database...
2024-03-27 07:37:13.869 [scheduling-1] INFO  com.example.demo.UserApplication - Data fetched successfully.
2024-03-27 07:37:15.869 [scheduling-1] INFO  com.example.demo.UserApplication - Fetching data from database...
2024-03-27 07:37:15.870 [scheduling-1] INFO  com.example.demo.UserApplication - Data fetched successfully.
2024-03-27 07:37:17.870 [scheduling-1] INFO  com.example.demo.UserApplication - Fetching data from database...
2024-03-27 07:37:17.870 [scheduling-1] INFO  com.example.demo.UserApplication - Data fetched successfully.
2024-03-27 07:37:19.871 [scheduling-1] INFO  com.example.demo.UserApplication - Fetching data from database...
2024-03-27 07:37:19.871 [scheduling-1] INFO  com.example.demo.UserApplication - Data fetched successfully.
2024-03-27 07:37:21.872 [scheduling-1] INFO  com.example.demo.UserApplication - Fetching data from database...
2024-03-27 07:37:21.872 [scheduling-1] INFO  com.example.demo.UserApplication - Data fetched successfully.
2024-03-27 07:37:23.873 [scheduling-1] INFO  com.example.demo.UserApplication - Fetching data from database...
2024-03-27 07:37:23.873 [scheduling-1] INFO  com.example.demo.UserApplication - Data fetched successfully.
2024-03-27 07:37:25.874 [scheduling-1] INFO  com.example.demo.UserApplication - Fetching data from database...
2024-03-27 07:37:25.874 [scheduling-1] INFO  com.example.demo.UserApplication - Data fetched successfully.
2024-03-27 07:37:27.875 [scheduling-1] INFO  com.example.demo.UserApplication - Fetching data from database...
2024-03-27 07:37:27.875 [scheduling-1] INFO  com.example.demo.UserApplication - Data fetched successfully.
2024-03-27 07:37:29.876 [scheduling-1] INFO  com.example.demo.UserApplication - Fetching data from database...
2024-03-27 07:37:29.876 [scheduling-1] INFO  com.example.demo.UserApplication - Data fetched successfully.
2024-03-27 07:37:31.876 [scheduling-1] INFO  com.example.demo.UserApplication - Fetching data from database...
2024-03-27 07:37:31.877 [scheduling-1] INFO  com.example.demo.UserApplication - Data fetched successfully.
2024-03-27 07:37:33.877 [scheduling-1] INFO  com.example.demo.UserApplication - Fetching data from database...
2024-03-27 07:37:33.878 [scheduling-1] INFO  com.example.demo.UserApplication - Data fetched successfully.
2024-03-27 07:37:35.878 [scheduling-1] INFO  com.example.demo.UserApplication - Fetching data from database...
2024-03-27 07:37:35.879 [scheduling-1] INFO  com.example.demo.UserApplication - Data fetched successfully.
2024-03-27 07:37:37.879 [scheduling-1] INFO  com.example.demo.UserApplication - Fetching data from database...
2024-03-27 07:37:37.879 [scheduling-1] INFO  com.example.demo.UserApplication - Data fetched successfully.
2024-03-27 07:37:39.880 [scheduling-1] INFO  com.example.demo.UserApplication - Fetching data from database...
2024-03-27 07:37:39.880 [scheduling-1] INFO  com.example.demo.UserApplication - Data fetched successfully.
2024-03-27 07:37:41.881 [scheduling-1] INFO  com.example.demo.UserApplication - Fetching data from database...
2024-03-27 07:37:41.881 [scheduling-1] INFO  com.example.demo.UserApplication - Data fetched successfully.
2024-03-27 07:37:43.882 [scheduling-1] INFO  com.example.demo.UserApplication - Fetching data from database...
2024-03-27 07:37:43.883 [scheduling-1] INFO  com.example.demo.UserApplication - Data fetched successfully.
2024-03-27 07:37:45.884 [scheduling-1] INFO  com.example.demo.UserApplication - Fetching data from database...
2024-03-27 07:37:45.884 [scheduling-1] INFO  com.example.demo.UserApplication - Data fetched successfully.
2024-03-27 07:37:47.885 [scheduling-1] INFO  com.example.demo.UserApplication - Fetching data from database...
2024-03-27 07:37:47.885 [scheduling-1] INFO  com.example.demo.UserApplication - Data fetched successfully.
2024-03-27 07:37:49.885 [scheduling-1] INFO  com.example.demo.UserApplication - Fetching data from database...
2024-03-27 07:37:49.885 [scheduling-1] INFO  com.example.demo.UserApplication - Data fetched successfully.
2024-03-27 07:37:51.886 [scheduling-1] INFO  com.example.demo.UserApplication - Fetching data from database...
2024-03-27 07:37:51.886 [scheduling-1] INFO  com.example.demo.UserApplication - Data fetched successfully.
2024-03-27 07:37:53.886 [scheduling-1] INFO  com.example.demo.UserApplication - Fetching data from database...
2024-03-27 07:37:53.887 [scheduling-1] INFO  com.example.demo.UserApplication - Data fetched successfully.
2024-03-27 07:37:55.887 [scheduling-1] INFO  com.example.demo.UserApplication - Fetching data from database...
2024-03-27 07:37:55.888 [scheduling-1] INFO  com.example.demo.UserApplication - Data fetched successfully.
2024-03-27 07:37:57.888 [scheduling-1] INFO  com.example.demo.UserApplication - Fetching data from database...
2024-03-27 07:37:57.888 [scheduling-1] INFO  com.example.demo.UserApplication - Data fetched successfully.
2024-03-27 07:37:59.889 [scheduling-1] INFO  com.example.demo.UserApplication - Fetching data from database...
2024-03-27 07:37:59.889 [scheduling-1] INFO  com.example.demo.UserApplication - Data fetched successfully.
2024-03-27 07:38:01.890 [scheduling-1] INFO  com.example.demo.UserApplication - Fetching data from database...
2024-03-27 07:38:01.890 [scheduling-1] INFO  com.example.demo.UserApplication - Data fetched successfully.
2024-03-27 07:38:03.890 [scheduling-1] INFO  com.example.demo.UserApplication - Fetching data from database...
2024-03-27 07:38:03.891 [scheduling-1] INFO  com.example.demo.UserApplication - Data fetched successfully.
2024-03-27 07:38:05.892 [scheduling-1] INFO  com.example.demo.UserApplication - Fetching data from database...
2024-03-27 07:38:05.892 [scheduling-1] INFO  com.example.demo.UserApplication - Data fetched successfully.
2024-03-27 07:38:07.893 [scheduling-1] INFO  com.example.demo.UserApplication - Fetching data from database...
2024-03-27 07:38:07.893 [scheduling-1] INFO  com.example.demo.UserApplication - Data fetched successfully.
2024-03-27 07:38:09.894 [scheduling-1] INFO  com.example.demo.UserApplication - Fetching data from database...
2024-03-27 07:38:09.894 [scheduling-1] INFO  com.example.demo.UserApplication - Data fetched successfully.
2024-03-27 07:38:11.895 [scheduling-1] INFO  com.example.demo.UserApplication - Fetching data from database...
2024-03-27 07:38:11.895 [scheduling-1] INFO  com.example.demo.UserApplication - Data fetched successfully.
2024-03-27 07:38:13.899 [scheduling-1] INFO  com.example.demo.UserApplication - Fetching data from database...
2024-03-27 07:38:13.900 [scheduling-1] INFO  com.example.demo.UserApplication - Data fetched successfully.
2024-03-27 07:38:15.900 [scheduling-1] INFO  com.example.demo.UserApplication - Fetching data from database...
2024-03-27 07:38:15.900 [scheduling-1] INFO  com.example.demo.UserApplication - Data fetched successfully.
2024-03-27 07:38:17.901 [scheduling-1] INFO  com.example.demo.UserApplication - Fetching data from database...
2024-03-27 07:38:17.901 [scheduling-1] INFO  com.example.demo.UserApplication - Data fetched successfully.
2024-03-27 07:38:19.902 [scheduling-1] INFO  com.example.demo.UserApplication - Fetching data from database...
2024-03-27 07:38:19.902 [scheduling-1] INFO  com.example.demo.UserApplication - Data fetched successfully.
2024-03-27 07:38:21.902 [scheduling-1] INFO  com.example.demo.UserApplication - Fetching data from database...
2024-03-27 07:38:21.903 [scheduling-1] INFO  com.example.demo.UserApplication - Data fetched successfully.
2024-03-27 07:38:23.903 [scheduling-1] INFO  com.example.demo.UserApplication - Fetching data from database...
2024-03-27 07:38:23.905 [scheduling-1] INFO  com.example.demo.UserApplication - Data fetched successfully.
2024-03-27 07:38:25.906 [scheduling-1] INFO  com.example.demo.UserApplication - Fetching data from database...
2024-03-27 07:38:25.906 [scheduling-1] INFO  com.example.demo.UserApplication - Data fetched successfully.
2024-03-27 07:38:27.906 [scheduling-1] INFO  com.example.demo.UserApplication - Fetching data from database...
2024-03-27 07:38:27.907 [scheduling-1] INFO  com.example.demo.UserApplication - Data fetched successfully.
2024-03-27 07:38:29.907 [scheduling-1] INFO  com.example.demo.UserApplication - Fetching data from database...
2024-03-27 07:38:29.908 [scheduling-1] INFO  com.example.demo.UserApplication - Data fetched successfully.
2024-03-27 07:38:31.908 [scheduling-1] INFO  com.example.demo.UserApplication - Fetching data from database...
2024-03-27 07:38:31.908 [scheduling-1] INFO  com.example.demo.UserApplication - Data fetched successfully.
2024-03-27 07:38:33.909 [scheduling-1] INFO  com.example.demo.UserApplication - Fetching data from database...
2024-03-27 07:38:33.909 [scheduling-1] INFO  com.example.demo.UserApplication - Data fetched successfully.
2024-03-27 07:38:35.910 [scheduling-1] INFO  com.example.demo.UserApplication - Fetching data from database...
2024-03-27 07:38:35.910 [scheduling-1] INFO  com.example.demo.UserApplication - Data fetched successfully.
2024-03-27 07:38:37.910 [scheduling-1] INFO  com.example.demo.UserApplication - Fetching data from database...
2024-03-27 07:38:37.911 [scheduling-1] INFO  com.example.demo.UserApplication - Data fetched successfully.
2024-03-27 07:38:39.911 [scheduling-1] INFO  com.example.demo.UserApplication - Fetching data from database...
2024-03-27 07:38:39.912 [scheduling-1] INFO  com.example.demo.UserApplication - Data fetched successfully.
2024-03-27 07:38:41.913 [scheduling-1] INFO  com.example.demo.UserApplication - Fetching data from database...
2024-03-27 07:38:41.913 [scheduling-1] INFO  com.example.demo.UserApplication - Data fetched successfully.
2024-03-27 07:38:43.913 [scheduling-1] INFO  com.example.demo.UserApplication - Fetching data from database...
2024-03-27 07:38:43.914 [scheduling-1] INFO  com.example.demo.UserApplication - Data fetched successfully.
2024-03-27 07:38:45.914 [scheduling-1] INFO  com.example.demo.UserApplication - Fetching data from database...
2024-03-27 07:38:45.914 [scheduling-1] INFO  com.example.demo.UserApplication - Data fetched successfully.
2024-03-27 07:38:47.915 [scheduling-1] INFO  com.example.demo.UserApplication - Fetching data from database...
2024-03-27 07:38:47.915 [scheduling-1] INFO  com.example.demo.UserApplication - Data fetched successfully.
2024-03-27 07:38:49.916 [scheduling-1] INFO  com.example.demo.UserApplication - Fetching data from database...
2024-03-27 07:38:49.916 [scheduling-1] INFO  com.example.demo.UserApplication - Data fetched successfully.
2024-03-27 07:38:51.917 [scheduling-1] INFO  com.example.demo.UserApplication - Fetching data from database...
2024-03-27 07:38:51.918 [scheduling-1] INFO  com.example.demo.UserApplication - Data fetched successfully.
2024-03-27 07:38:53.918 [scheduling-1] INFO  com.example.demo.UserApplication - Fetching data from database...
2024-03-27 07:38:53.919 [scheduling-1] INFO  com.example.demo.UserApplication - Data fetched successfully.
2024-03-27 07:38:55.920 [scheduling-1] INFO  com.example.demo.UserApplication - Fetching data from database...
2024-03-27 07:38:55.920 [scheduling-1] INFO  com.example.demo.UserApplication - Data fetched successfully.
2024-03-27 07:38:57.920 [scheduling-1] INFO  com.example.demo.UserApplication - Fetching data from database...
2024-03-27 07:38:57.921 [scheduling-1] INFO  com.example.demo.UserApplication - Data fetched successfully.
2024-03-27 07:38:59.921 [scheduling-1] INFO  com.example.demo.UserApplication - Fetching data from database...
2024-03-27 07:38:59.921 [scheduling-1] INFO  com.example.demo.UserApplication - Data fetched successfully.
2024-03-27 07:39:01.922 [scheduling-1] INFO  com.example.demo.UserApplication - Fetching data from database...
2024-03-27 07:39:01.922 [scheduling-1] INFO  com.example.demo.UserApplication - Data fetched successfully.
2024-03-27 07:39:03.923 [scheduling-1] INFO  com.example.demo.UserApplication - Fetching data from database...
2024-03-27 07:39:03.923 [scheduling-1] INFO  com.example.demo.UserApplication - Data fetched successfully.
2024-03-27 07:39:05.924 [scheduling-1] INFO  com.example.demo.UserApplication - Fetching data from database...
2024-03-27 07:39:05.924 [scheduling-1] INFO  com.example.demo.UserApplication - Data fetched successfully.
2024-03-27 07:39:07.925 [scheduling-1] INFO  com.example.demo.UserApplication - Fetching data from database...
2024-03-27 07:39:07.925 [scheduling-1] INFO  com.example.demo.UserApplication - Data fetched successfully.
2024-03-27 07:39:09.925 [scheduling-1] INFO  com.example.demo.UserApplication - Fetching data from database...
2024-03-27 07:39:09.926 [scheduling-1] INFO  com.example.demo.UserApplication - Data fetched successfully.
2024-03-27 07:39:11.926 [scheduling-1] INFO  com.example.demo.UserApplication - Fetching data from database...
2024-03-27 07:39:11.927 [scheduling-1] INFO  com.example.demo.UserApplication - Data fetched successfully.
2024-03-27 07:39:13.928 [scheduling-1] INFO  com.example.demo.UserApplication - Fetching data from database...
2024-03-27 07:39:13.928 [scheduling-1] INFO  com.example.demo.UserApplication - Data fetched successfully.
2024-03-27 07:39:15.928 [scheduling-1] INFO  com.example.demo.UserApplication - Fetching data from database...
2024-03-27 07:39:15.929 [scheduling-1] INFO  com.example.demo.UserApplication - Data fetched successfully.
2024-03-27 07:39:17.929 [scheduling-1] INFO  com.example.demo.UserApplication - Fetching data from database...
2024-03-27 07:39:17.929 [scheduling-1] INFO  com.example.demo.UserApplication - Data fetched successfully.
2024-03-27 07:39:19.930 [scheduling-1] INFO  com.example.demo.UserApplication - Fetching data from database...
2024-03-27 07:39:19.930 [scheduling-1] INFO  com.example.demo.UserApplication - Data fetched successfully.
2024-03-27 07:39:21.931 [scheduling-1] INFO  com.example.demo.UserApplication - Fetching data from database...
2024-03-27 07:39:21.931 [scheduling-1] INFO  com.example.demo.UserApplication - Data fetched successfully.
2024-03-27 07:39:23.933 [scheduling-1] INFO  com.example.demo.UserApplication - Fetching data from database...
2024-03-27 07:39:23.933 [scheduling-1] INFO  com.example.demo.UserApplication - Data fetched successfully.
2024-03-27 07:39:25.934 [scheduling-1] INFO  com.example.demo.UserApplication - Fetching data from database...
2024-03-27 07:39:25.936 [scheduling-1] INFO  com.example.demo.UserApplication - Data fetched successfully.
2024-03-27 07:39:27.937 [scheduling-1] INFO  com.example.demo.UserApplication - Fetching data from database...
2024-03-27 07:39:27.938 [scheduling-1] INFO  com.example.demo.UserApplication - Data fetched successfully.
2024-03-27 07:39:29.938 [scheduling-1] INFO  com.example.demo.UserApplication - Fetching data from database...
2024-03-27 07:39:29.939 [scheduling-1] INFO  com.example.demo.UserApplication - Data fetched successfully.
2024-03-27 07:39:31.940 [scheduling-1] INFO  com.example.demo.UserApplication - Fetching data from database...
2024-03-27 07:39:31.940 [scheduling-1] INFO  com.example.demo.UserApplication - Data fetched successfully.
2024-03-27 07:39:33.940 [scheduling-1] INFO  com.example.demo.UserApplication - Fetching data from database...
2024-03-27 07:39:33.941 [scheduling-1] INFO  com.example.demo.UserApplication - Data fetched successfully.
2024-03-27 07:39:46.106 [main] INFO  com.example.demo.UserApplication - Starting UserApplication using Java 21.0.1 with PID 312877 (/home/martin/Desktop/_____/demo/target/classes started by martin in /home/martin/Desktop/_____/demo)
2024-03-27 07:39:46.114 [main] INFO  com.example.demo.UserApplication - No active profile set, falling back to 1 default profile: "default"
2024-03-27 07:40:01.743 [main] INFO  com.example.demo.UserApplication - Started UserApplication in 18.49 seconds (process running for 21.4)
2024-03-27 07:40:01.754 [scheduling-1] INFO  com.example.demo.UserApplication - Fetching data from database...
2024-03-27 07:40:01.755 [scheduling-1] INFO  com.example.demo.UserApplication - Data fetched successfully.
2024-03-27 07:40:03.757 [scheduling-1] INFO  com.example.demo.UserApplication - Fetching data from database...
2024-03-27 07:40:03.757 [scheduling-1] INFO  com.example.demo.UserApplication - Data fetched successfully.
2024-03-27 07:40:05.758 [scheduling-1] INFO  com.example.demo.UserApplication - Fetching data from database...
2024-03-27 07:40:05.758 [scheduling-1] INFO  com.example.demo.UserApplication - Data fetched successfully.
2024-03-27 07:40:07.759 [scheduling-1] INFO  com.example.demo.UserApplication - Fetching data from database...
2024-03-27 07:40:07.759 [scheduling-1] INFO  com.example.demo.UserApplication - Data fetched successfully.
2024-03-27 07:40:09.760 [scheduling-1] INFO  com.example.demo.UserApplication - Fetching data from database...
2024-03-27 07:40:09.760 [scheduling-1] INFO  com.example.demo.UserApplication - Data fetched successfully.
2024-03-27 07:40:11.760 [scheduling-1] INFO  com.example.demo.UserApplication - Fetching data from database...
2024-03-27 07:40:11.761 [scheduling-1] INFO  com.example.demo.UserApplication - Data fetched successfully.
2024-03-27 07:40:13.761 [scheduling-1] INFO  com.example.demo.UserApplication - Fetching data from database...
2024-03-27 07:40:13.762 [scheduling-1] INFO  com.example.demo.UserApplication - Data fetched successfully.
2024-03-27 07:40:15.762 [scheduling-1] INFO  com.example.demo.UserApplication - Fetching data from database...
2024-03-27 07:40:15.763 [scheduling-1] INFO  com.example.demo.UserApplication - Data fetched successfully.
2024-03-27 07:40:17.763 [scheduling-1] INFO  com.example.demo.UserApplication - Fetching data from database...
2024-03-27 07:40:17.764 [scheduling-1] INFO  com.example.demo.UserApplication - Data fetched successfully.
2024-03-27 07:40:19.765 [scheduling-1] INFO  com.example.demo.UserApplication - Fetching data from database...
2024-03-27 07:40:19.765 [scheduling-1] INFO  com.example.demo.UserApplication - Data fetched successfully.
2024-03-27 07:40:21.765 [scheduling-1] INFO  com.example.demo.UserApplication - Fetching data from database...
2024-03-27 07:40:21.766 [scheduling-1] INFO  com.example.demo.UserApplication - Data fetched successfully.
2024-03-27 07:40:23.767 [scheduling-1] INFO  com.example.demo.UserApplication - Fetching data from database...
2024-03-27 07:40:23.767 [scheduling-1] INFO  com.example.demo.UserApplication - Data fetched successfully.
2024-03-27 07:40:25.768 [scheduling-1] INFO  com.example.demo.UserApplication - Fetching data from database...
2024-03-27 07:40:25.768 [scheduling-1] INFO  com.example.demo.UserApplication - Data fetched successfully.
2024-03-27 07:40:27.768 [scheduling-1] INFO  com.example.demo.UserApplication - Fetching data from database...
2024-03-27 07:40:27.769 [scheduling-1] INFO  com.example.demo.UserApplication - Data fetched successfully.
2024-03-27 07:40:29.770 [scheduling-1] INFO  com.example.demo.UserApplication - Fetching data from database...
2024-03-27 07:40:29.770 [scheduling-1] INFO  com.example.demo.UserApplication - Data fetched successfully.
2024-03-27 07:40:31.771 [scheduling-1] INFO  com.example.demo.UserApplication - Fetching data from database...
2024-03-27 07:40:31.771 [scheduling-1] INFO  com.example.demo.UserApplication - Data fetched successfully.
2024-03-27 07:40:33.771 [scheduling-1] INFO  com.example.demo.UserApplication - Fetching data from database...
2024-03-27 07:40:33.772 [scheduling-1] INFO  com.example.demo.UserApplication - Data fetched successfully.
2024-03-27 07:40:35.772 [scheduling-1] INFO  com.example.demo.UserApplication - Fetching data from database...
2024-03-27 07:40:35.773 [scheduling-1] INFO  com.example.demo.UserApplication - Data fetched successfully.
2024-03-27 07:40:37.773 [scheduling-1] INFO  com.example.demo.UserApplication - Fetching data from database...
2024-03-27 07:40:37.774 [scheduling-1] INFO  com.example.demo.UserApplication - Data fetched successfully.
2024-03-27 07:40:39.775 [scheduling-1] INFO  com.example.demo.UserApplication - Fetching data from database...
2024-03-27 07:40:39.775 [scheduling-1] INFO  com.example.demo.UserApplication - Data fetched successfully.
2024-03-27 07:40:46.927 [main] INFO  com.example.demo.UserApplication - Starting UserApplication using Java 21.0.1 with PID 313088 (/home/martin/Desktop/_____/demo/target/classes started by martin in /home/martin/Desktop/_____/demo)
2024-03-27 07:40:46.932 [main] INFO  com.example.demo.UserApplication - No active profile set, falling back to 1 default profile: "default"
2024-03-27 07:40:57.151 [main] INFO  com.example.demo.UserApplication - Started UserApplication in 11.489 seconds (process running for 13.585)
2024-03-27 07:40:57.169 [scheduling-1] INFO  com.example.demo.UserApplication - Fetching data from database...
2024-03-27 07:40:57.169 [scheduling-1] INFO  com.example.demo.UserApplication - Data fetched successfully.
2024-03-27 07:40:59.171 [scheduling-1] INFO  com.example.demo.UserApplication - Fetching data from database...
2024-03-27 07:40:59.171 [scheduling-1] INFO  com.example.demo.UserApplication - Data fetched successfully.
2024-03-27 07:41:01.171 [scheduling-1] INFO  com.example.demo.UserApplication - Fetching data from database...
2024-03-27 07:41:01.172 [scheduling-1] INFO  com.example.demo.UserApplication - Data fetched successfully.
2024-03-27 07:41:03.172 [scheduling-1] INFO  com.example.demo.UserApplication - Fetching data from database...
2024-03-27 07:41:03.173 [scheduling-1] INFO  com.example.demo.UserApplication - Data fetched successfully.
2024-03-27 07:41:05.173 [scheduling-1] INFO  com.example.demo.UserApplication - Fetching data from database...
2024-03-27 07:41:05.174 [scheduling-1] INFO  com.example.demo.UserApplication - Data fetched successfully.
2024-03-27 07:41:07.174 [scheduling-1] INFO  com.example.demo.UserApplication - Fetching data from database...
2024-03-27 07:41:07.175 [scheduling-1] INFO  com.example.demo.UserApplication - Data fetched successfully.
2024-03-27 07:41:09.176 [scheduling-1] INFO  com.example.demo.UserApplication - Fetching data from database...
2024-03-27 07:41:09.176 [scheduling-1] INFO  com.example.demo.UserApplication - Data fetched successfully.
2024-03-27 07:41:11.176 [scheduling-1] INFO  com.example.demo.UserApplication - Fetching data from database...
2024-03-27 07:41:11.177 [scheduling-1] INFO  com.example.demo.UserApplication - Data fetched successfully.
2024-03-27 07:41:13.177 [scheduling-1] INFO  com.example.demo.UserApplication - Fetching data from database...
2024-03-27 07:41:13.178 [scheduling-1] INFO  com.example.demo.UserApplication - Data fetched successfully.
2024-03-27 07:41:15.180 [scheduling-1] INFO  com.example.demo.UserApplication - Fetching data from database...
2024-03-27 07:41:15.181 [scheduling-1] INFO  com.example.demo.UserApplication - Data fetched successfully.
2024-03-27 07:41:17.185 [scheduling-1] INFO  com.example.demo.UserApplication - Fetching data from database...
2024-03-27 07:41:17.185 [scheduling-1] INFO  com.example.demo.UserApplication - Data fetched successfully.
2024-03-27 07:41:19.186 [scheduling-1] INFO  com.example.demo.UserApplication - Fetching data from database...
2024-03-27 07:41:19.187 [scheduling-1] INFO  com.example.demo.UserApplication - Data fetched successfully.
2024-03-27 07:41:21.187 [scheduling-1] INFO  com.example.demo.UserApplication - Fetching data from database...
2024-03-27 07:41:21.188 [scheduling-1] INFO  com.example.demo.UserApplication - Data fetched successfully.
2024-03-27 07:41:23.189 [scheduling-1] INFO  com.example.demo.UserApplication - Fetching data from database...
2024-03-27 07:41:23.189 [scheduling-1] INFO  com.example.demo.UserApplication - Data fetched successfully.
